<?xml version="1.0" encoding="UTF-8"?>
<!-- Generated by org.testng.reporters.JUnitReportReporter -->
<testsuite skipped="0" hostname="HMECD000521" name="test.demo2" tests="1" failures="0" timestamp="04 Dec 2019 07:06:24 GMT" time="0.002" errors="0">
  <testcase name="Democlass3" time="0.002" classname="test.demo2"/>
</testsuite> <!-- test.demo2 -->
